Arguments: 
  /usr/local/bin/node /home/etudiant/.yarn/bin/yarn.js add @typescript-eslint

PATH: 
  /home/etudiant/.yarn/bin:/home/etudiant/.config/yarn/global/node_modules/.bin:/home/etudiant/.npm-packages/bin:/home/etudiant/.yarn/bin:/home/etudiant/.config/yarn/global/node_modules/.bin:/home/etudiant/.npm-packages/bin:/usr/local/bin:/usr/bin:/bin:/usr/local/games:/usr/games

Yarn version: 
  1.22.4

Node version: 
  14.2.0

Platform: 
  linux x64

Trace: 
  Error: https://registry.yarnpkg.com/@typescript-eslint: Request "https://registry.yarnpkg.com/@typescript-eslint" returned a 405
      at Request.params.callback [as _callback] (/home/etudiant/.yarn/lib/cli.js:66996:18)
      at Request.self.callback (/home/etudiant/.yarn/lib/cli.js:140748:22)
      at Request.emit (events.js:315:20)
      at Request.<anonymous> (/home/etudiant/.yarn/lib/cli.js:141720:10)
      at Request.emit (events.js:315:20)
      at IncomingMessage.<anonymous> (/home/etudiant/.yarn/lib/cli.js:141642:12)
      at Object.onceWrapper (events.js:421:28)
      at IncomingMessage.emit (events.js:327:22)
      at endReadableNT (_stream_readable.js:1225:12)
      at processTicksAndRejections (internal/process/task_queues.js:84:21)

npm manifest: 
  No manifest

yarn manifest: 
  No manifest

Lockfile: 
  No lockfile
